<?xml version="1.0" encoding="UTF-8"?>
<!-- Generated by org.testng.reporters.JUnitReportReporter -->
<testsuite hostname="skgupta-lap" name="com.oracle.examples.Two" tests="1" failures="0" timestamp="1 Jul 2014 08:24:15 GMT" time="0.000" errors="0">
  <testcase name="testC" time="0.000" classname="com.oracle.examples.Two"/>
</testsuite>
