<?xml version="1.0" encoding="UTF-8"?>
<!-- Generated by org.testng.reporters.JUnitReportReporter -->
<testsuite hostname="skgupta-lap" name="com.oracle.examples.One" tests="2" failures="0" timestamp="1 Jul 2014 08:24:15 GMT" time="0.020" errors="0">
  <testcase name="testA" time="0.001" classname="com.oracle.examples.One"/>
  <testcase name="testB" time="0.019" classname="com.oracle.examples.One"/>
</testsuite>
