<?xml version="1.0" encoding="UTF-8"?>
<!-- Generated by org.testng.reporters.JUnitReportReporter -->
<testsuite hostname="skgupta-lap" name="com.example.testng.test.GroupValidatorTest" tests="3" failures="0" timestamp="5 Jun 2014 08:55:11 GMT" time="0.010" errors="0">
  <testcase name="noGroupTest" time="0.001" classname="com.example.testng.test.GroupValidatorTest"/>
  <testcase name="invalidGroupNameTest" time="0.008" classname="com.example.testng.test.GroupValidatorTest"/>
  <testcase name="validGroupNameTest" time="0.001" classname="com.example.testng.test.GroupValidatorTest"/>
</testsuite>
