<?xml version="1.0" encoding="UTF-8"?>
<!-- Generated by org.testng.reporters.JUnitReportReporter -->
<testsuite hostname="skgupta-lap" name="com.oracle.examples.Six" tests="3" failures="0" timestamp="10 Jun 2014 14:25:20 GMT" time="0.012" errors="0">
  <testcase name="testI" time="0.003" classname="com.oracle.examples.Six"/>
  <testcase name="testH" time="0.008" classname="com.oracle.examples.Six"/>
  <testcase name="testJ" time="0.001" classname="com.oracle.examples.Six"/>
</testsuite>
