<?xml version="1.0" encoding="UTF-8"?>
<!-- Generated by org.testng.reporters.JUnitReportReporter -->
<testsuite hostname="skgupta-lap" name="com.oracle.examples.Three" tests="2" failures="0" timestamp="1 Jul 2014 08:24:11 GMT" time="0.019" errors="0">
  <testcase name="testD" time="0.000" classname="com.oracle.examples.Three"/>
  <testcase name="testE" time="0.019" classname="com.oracle.examples.Three"/>
</testsuite>
