<?xml version="1.0" encoding="UTF-8"?>
<!-- Generated by org.testng.reporters.JUnitReportReporter -->
<testsuite hostname="skgupta-lap" name="com.oracle.examples.Six" tests="3" failures="0" timestamp="13 Jun 2014 12:57:28 GMT" time="0.011" errors="0">
  <testcase name="testH" time="0.008" classname="com.oracle.examples.Six"/>
  <testcase name="testI" time="0.003" classname="com.oracle.examples.Six"/>
  <testcase name="testJ" time="0.000" classname="com.oracle.examples.Six"/>
</testsuite>
