<?xml version="1.0" encoding="UTF-8"?>
<!-- Generated by org.testng.reporters.JUnitReportReporter -->
<testsuite hostname="skgupta-lap" name="oracle.sysman.sample.testng.One" tests="1" failures="0" timestamp="8 May 2014 08:50:42 GMT" time="0.001" errors="0">
  <testcase name="testUI" time="0.001" classname="oracle.sysman.sample.testng.One"/>
</testsuite> <!-- oracle.sysman.sample.testng.One -->
