<?xml version="1.0" encoding="UTF-8"?>
<!-- Generated by org.testng.reporters.JUnitReportReporter -->
<testsuite hostname="skgupta-lap" name="oracle.sysman.sample.testng.Two" tests="1" failures="0" timestamp="11 May 2014 09:22:19 GMT" time="0.054" errors="0">
  <testcase name="testNonUI" time="0.054" classname="oracle.sysman.sample.testng.Two"/>
</testsuite> <!-- oracle.sysman.sample.testng.Two -->
