<?xml version="1.0" encoding="UTF-8"?>
<!-- Generated by org.testng.reporters.JUnitReportReporter -->
<testsuite hostname="slc03psl" name="com.oracle.samples.HelloWorld" tests="1" failures="0" timestamp="27 Jun 2014 11:27:41 GMT" time="0.007" errors="0">
  <testcase name="myTest" time="0.007" classname="com.oracle.samples.HelloWorld"/>
</testsuite>
