<?xml version="1.0" encoding="UTF-8"?>
<!-- Generated by org.testng.reporters.JUnitReportReporter -->
<testsuite hostname="skgupta-lap" name="com.oracle.examples.Four" tests="1" failures="0" timestamp="13 Jun 2014 12:57:25 GMT" time="0.001" errors="0">
  <testcase name="testF" time="0.001" classname="com.oracle.examples.Four"/>
</testsuite>
