<?xml version="1.0" encoding="UTF-8"?>
<!-- Generated by org.testng.reporters.JUnitReportReporter -->
<testsuite hostname="skgupta-lap" name="com.oracle.examples.Three" tests="2" failures="0" timestamp="13 Jun 2014 12:57:25 GMT" time="0.026" errors="0">
  <testcase name="testD" time="0.001" classname="com.oracle.examples.Three"/>
  <testcase name="testE" time="0.025" classname="com.oracle.examples.Three"/>
</testsuite>
