<?xml version="1.0" encoding="UTF-8"?>
<!-- Generated by org.testng.reporters.JUnitReportReporter -->
<testsuite hostname="skgupta-lap" name="oracle.sysman.test.sample.TestOne" tests="1" failures="0" timestamp="28 Apr 2014 18:44:08 GMT" time="0.012" errors="0">
  <testcase name="methodTwo" time="0.012" classname="oracle.sysman.test.sample.TestOne"/>
</testsuite> <!-- oracle.sysman.test.sample.TestOne -->
