<?xml version="1.0" encoding="UTF-8"?>
<!-- Generated by org.testng.reporters.JUnitReportReporter -->
<testsuite hostname="skgupta-lap" name="oracle.sysman.test.sample.One" tests="3" failures="0" timestamp="29 Apr 2014 03:24:41 GMT" time="0.012" errors="0">
  <testcase name="testThree" time="0.001" classname="oracle.sysman.test.sample.One"/>
  <testcase name="testTwo" time="0.000" classname="oracle.sysman.test.sample.One"/>
  <testcase name="testOne" time="0.011" classname="oracle.sysman.test.sample.One"/>
</testsuite> <!-- oracle.sysman.test.sample.One -->
