<?xml version="1.0" encoding="UTF-8"?>
<!-- Generated by org.testng.reporters.JUnitReportReporter -->
<testsuite hostname="skgupta-lap" name="oracle.sysman.sample.test.testng.StandaloneTwo" tests="2" failures="0" timestamp="29 Apr 2014 04:44:58 GMT" time="0.007" errors="0">
  <testcase name="testOne" time="0.007" classname="oracle.sysman.sample.test.testng.StandaloneTwo"/>
  <testcase name="testTwo" time="0.000" classname="oracle.sysman.sample.test.testng.StandaloneTwo"/>
</testsuite> <!-- oracle.sysman.sample.test.testng.StandaloneTwo -->
