<?xml version="1.0" encoding="UTF-8"?>
<!-- Generated by org.testng.reporters.JUnitReportReporter -->
<testsuite hostname="skgupta-lap" name="oracle.sysman.sample.test.testng.Standalone" tests="1" failures="0" timestamp="29 Apr 2014 04:43:48 GMT" time="0.011" errors="0">
  <testcase name="testOne" time="0.011" classname="oracle.sysman.sample.test.testng.Standalone"/>
</testsuite> <!-- oracle.sysman.sample.test.testng.Standalone -->
